


          SolidWorks Corporation - STEP Processor Error Log
          ______________________________________________________

                       STEP Post Processor
                       ___________________


STEP File Name: C:\Users\Ivan\Desktop\Posao-CANs\Krimac\Solid\TMS570\microusb.stp



Error: Entity type not supported.
STEP-in did not complete successfully.

Error: Entity type not supported.
STEP-in did not complete successfully.
#62684: TRIMMED_CURVE: Forcing parameter scale to radians,		start: 0 end: 48.612
#62702: TRIMMED_CURVE: Forcing parameter scale to radians,		start: 0 end: 56.3099
#62723: TRIMMED_CURVE: Forcing parameter scale to radians,		start: 56.3099 end: 0
#62734: TRIMMED_CURVE: Forcing parameter scale to radians,		start: 56.3099 end: 0
#62755: TRIMMED_CURVE: Forcing parameter scale to radians,		start: 56.3099 end: 0
#62766: TRIMMED_CURVE: Forcing parameter scale to radians,		start: 56.3099 end: 0
#62787: TRIMMED_CURVE: Forcing parameter scale to radians,		start: 0 end: 56.3099
#62798: TRIMMED_CURVE: Forcing parameter scale to radians,		start: 0 end: 56.3099
XLTR: Circuit sanity failure
XLTR: Circuit sanity failure
Surfaces successfully processed into a solid body.
STEP-in completed.
Error: Unable to create solid from trimmed surfaces.
STEP-in did not complete successfully.
#24700: TRIMMED_CURVE: Forcing parameter scale to radians,		start: 0 end: 90
#24706: TRIMMED_CURVE: Forcing parameter scale to radians,		start: 0 end: 72.459
#24712: TRIMMED_CURVE: Forcing parameter scale to radians,		start: 0 end: 90
#24718: TRIMMED_CURVE: Forcing parameter scale to radians,		start: 0 end: 48.1897
#24724: TRIMMED_CURVE: Forcing parameter scale to radians,		start: 0 end: 48.1897
#24730: TRIMMED_CURVE: Forcing parameter scale to radians,		start: 0 end: 90
#24736: TRIMMED_CURVE: Forcing parameter scale to radians,		start: 0 end: 72.459
#24742: TRIMMED_CURVE: Forcing parameter scale to radians,		start: 0 end: 90
#24748: TRIMMED_CURVE: Forcing parameter scale to radians,		start: 0 end: 81.3731
#24754: TRIMMED_CURVE: Forcing parameter scale to radians,		start: 0 end: 90
#24760: TRIMMED_CURVE: Forcing parameter scale to radians,		start: 0 end: 90
#24766: TRIMMED_CURVE: Forcing parameter scale to radians,		start: 0 end: 81.3731
#24772: TRIMMED_CURVE: Forcing parameter scale to radians,		start: 0 end: 81.3731
#24778: TRIMMED_CURVE: Forcing parameter scale to radians,		start: 0 end: 90
#24784: TRIMMED_CURVE: Forcing parameter scale to radians,		start: 0 end: 90
#24790: TRIMMED_CURVE: Forcing parameter scale to radians,		start: 0 end: 81.3731
#24796: TRIMMED_CURVE: Forcing parameter scale to radians,		start: 0 end: 81.3731
#24802: TRIMMED_CURVE: Forcing parameter scale to radians,		start: 0 end: 81.3731
#24808: TRIMMED_CURVE: Forcing parameter scale to radians,		start: 0 end: 90
#24814: TRIMMED_CURVE: Forcing parameter scale to radians,		start: 0 end: 90
#24820: TRIMMED_CURVE: Forcing parameter scale to radians,		start: 0 end: 81.3731
#24826: TRIMMED_CURVE: Forcing parameter scale to radians,		start: 0 end: 81.3731
#24832: TRIMMED_CURVE: Forcing parameter scale to radians,		start: 0 end: 90
#24838: TRIMMED_CURVE: Forcing parameter scale to radians,		start: 0 end: 90
#24849: TRIMMED_CURVE: Forcing parameter scale to radians,		start: 0 end: 36.5358
#24860: TRIMMED_CURVE: Forcing parameter scale to radians,		start: 0 end: 36.5358
#24881: TRIMMED_CURVE: Forcing parameter scale to radians,		start: 0 end: 36.5358
#24849: TRIMMED_CURVE: Forcing parameter scale to radians,		start: 0 end: 36.5358
#24881: TRIMMED_CURVE: Forcing parameter scale to radians,		start: 0 end: 36.5358
#24887: TRIMMED_CURVE: Forcing parameter scale to radians,		start: 0 end: 36.5358
#24908: TRIMMED_CURVE: Forcing parameter scale to radians,		start: 0 end: 90
#24914: TRIMMED_CURVE: Forcing parameter scale to radians,		start: 0 end: 90
#24908: TRIMMED_CURVE: Forcing parameter scale to radians,		start: 0 end: 90
#24941: TRIMMED_CURVE: Forcing parameter scale to radians,		start: 0 end: 90
#24935: TRIMMED_CURVE: Forcing parameter scale to radians,		start: 0 end: 90
#24941: TRIMMED_CURVE: Forcing parameter scale to radians,		start: 0 end: 90
#24947: TRIMMED_CURVE: Forcing parameter scale to radians,		start: 0 end: 90
#24935: TRIMMED_CURVE: Forcing parameter scale to radians,		start: 0 end: 90
#24947: TRIMMED_CURVE: Forcing parameter scale to radians,		start: 0 end: 90
#24914: TRIMMED_CURVE: Forcing parameter scale to radians,		start: 0 end: 90
#24973: TRIMMED_CURVE: Forcing parameter scale to radians,		start: 0 end: 72.459
#24979: TRIMMED_CURVE: Forcing parameter scale to radians,		start: 0 end: 90
#24995: TRIMMED_CURVE: Forcing parameter scale to radians,		start: 0 end: 90
#25001: TRIMMED_CURVE: Forcing parameter scale to radians,		start: 0 end: 72.459
#25007: TRIMMED_CURVE: Forcing parameter scale to radians,		start: 0 end: 90
#25013: TRIMMED_CURVE: Forcing parameter scale to radians,		start: 0 end: 48.1897
#25019: TRIMMED_CURVE: Forcing parameter scale to radians,		start: 0 end: 48.1897
#25025: TRIMMED_CURVE: Forcing parameter scale to radians,		start: 0 end: 90
#25031: TRIMMED_CURVE: Forcing parameter scale to radians,		start: 0 end: 90
#25037: TRIMMED_CURVE: Forcing parameter scale to radians,		start: 0 end: 81.3731
#25043: TRIMMED_CURVE: Forcing parameter scale to radians,		start: 0 end: 81.3731
#25049: TRIMMED_CURVE: Forcing parameter scale to radians,		start: 0 end: 90
#25055: TRIMMED_CURVE: Forcing parameter scale to radians,		start: 0 end: 90
#25061: TRIMMED_CURVE: Forcing parameter scale to radians,		start: 0 end: 81.3731
#25067: TRIMMED_CURVE: Forcing parameter scale to radians,		start: 0 end: 81.3731
#25073: TRIMMED_CURVE: Forcing parameter scale to radians,		start: 0 end: 90
#25079: TRIMMED_CURVE: Forcing parameter scale to radians,		start: 0 end: 90
#25085: TRIMMED_CURVE: Forcing parameter scale to radians,		start: 0 end: 81.3731
#25091: TRIMMED_CURVE: Forcing parameter scale to radians,		start: 0 end: 81.3731
#25097: TRIMMED_CURVE: Forcing parameter scale to radians,		start: 0 end: 90
#25103: TRIMMED_CURVE: Forcing parameter scale to radians,		start: 0 end: 90
#25109: TRIMMED_CURVE: Forcing parameter scale to radians,		start: 0 end: 81.3731
#25115: TRIMMED_CURVE: Forcing parameter scale to radians,		start: 0 end: 81.3731
#25121: TRIMMED_CURVE: Forcing parameter scale to radians,		start: 0 end: 90
#25150: TRIMMED_CURVE: Forcing parameter scale to radians,		start: 0 end: 56.3099
#27255: TRIMMED_CURVE: Forcing parameter scale to radians,		start: 0 end: 48.612
#25144: TRIMMED_CURVE: Forcing parameter scale to radians,		start: 0 end: 56.3099
#25150: TRIMMED_CURVE: Forcing parameter scale to radians,		start: 0 end: 56.3099
#27249: TRIMMED_CURVE: Forcing parameter scale to radians,		start: 0 end: 48.612
#25144: TRIMMED_CURVE: Forcing parameter scale to radians,		start: 0 end: 56.3099
#24706: TRIMMED_CURVE: Forcing parameter scale to radians,		start: 0 end: 72.459
#24973: TRIMMED_CURVE: Forcing parameter scale to radians,		start: 0 end: 72.459
#24700: TRIMMED_CURVE: Forcing parameter scale to radians,		start: 0 end: 90
#24979: TRIMMED_CURVE: Forcing parameter scale to radians,		start: 0 end: 90
#25223: TRIMMED_CURVE: Forcing parameter scale to radians,		start: 0 end: 40
#25229: TRIMMED_CURVE: Forcing parameter scale to radians,		start: 0 end: 40
#25261: TRIMMED_CURVE: Forcing parameter scale to radians,		start: 0 end: 40
#25223: TRIMMED_CURVE: Forcing parameter scale to radians,		start: 0 end: 40
#25250: TRIMMED_CURVE: Forcing parameter scale to radians,		start: 0 end: 40
#25261: TRIMMED_CURVE: Forcing parameter scale to radians,		start: 0 end: 40
#25267: TRIMMED_CURVE: Forcing parameter scale to radians,		start: 0 end: 40
#25250: TRIMMED_CURVE: Forcing parameter scale to radians,		start: 0 end: 40
#25267: TRIMMED_CURVE: Forcing parameter scale to radians,		start: 0 end: 40
#25229: TRIMMED_CURVE: Forcing parameter scale to radians,		start: 0 end: 40
#25293: TRIMMED_CURVE: Forcing parameter scale to radians,		start: 0 end: 90
#25343: TRIMMED_CURVE: Forcing parameter scale to radians,		start: 0 end: 90
#25293: TRIMMED_CURVE: Forcing parameter scale to radians,		start: 0 end: 90
#25332: TRIMMED_CURVE: Forcing parameter scale to radians,		start: 0 end: 90
#25343: TRIMMED_CURVE: Forcing parameter scale to radians,		start: 0 end: 90
#25332: TRIMMED_CURVE: Forcing parameter scale to radians,		start: 0 end: 90
#25404: TRIMMED_CURVE: Forcing parameter scale to radians,		start: 0 end: 90
#25415: TRIMMED_CURVE: Forcing parameter scale to radians,		start: 0 end: 90
#25421: TRIMMED_CURVE: Forcing parameter scale to radians,		start: 0 end: 90
#25404: TRIMMED_CURVE: Forcing parameter scale to radians,		start: 0 end: 90
#25421: TRIMMED_CURVE: Forcing parameter scale to radians,		start: 0 end: 90
#25596: TRIMMED_CURVE: Forcing parameter scale to radians,		start: 0 end: 90
#25447: TRIMMED_CURVE: Forcing parameter scale to radians,		start: 0 end: 90
#25453: TRIMMED_CURVE: Forcing parameter scale to radians,		start: 0 end: 90
#25459: TRIMMED_CURVE: Forcing parameter scale to radians,		start: 0 end: 90
#25465: TRIMMED_CURVE: Forcing parameter scale to radians,		start: 0 end: 90
#25486: TRIMMED_CURVE: Forcing parameter scale to radians,		start: 0 end: 90
#25492: TRIMMED_CURVE: Forcing parameter scale to radians,		start: 0 end: 90
#25498: TRIMMED_CURVE: Forcing parameter scale to radians,		start: 0 end: 90
#25504: TRIMMED_CURVE: Forcing parameter scale to radians,		start: 0 end: 90
#25553: TRIMMED_CURVE: Forcing parameter scale to radians,		start: 0 end: 37
#25647: TRIMMED_CURVE: Forcing parameter scale to radians,		start: 0 end: 7
#25553: TRIMMED_CURVE: Forcing parameter scale to radians,		start: 0 end: 37
#25559: TRIMMED_CURVE: Forcing parameter scale to radians,		start: 0 end: 37
#25585: TRIMMED_CURVE: Forcing parameter scale to radians,		start: 0 end: 90
#25596: TRIMMED_CURVE: Forcing parameter scale to radians,		start: 0 end: 90
#25585: TRIMMED_CURVE: Forcing parameter scale to radians,		start: 0 end: 90
#25415: TRIMMED_CURVE: Forcing parameter scale to radians,		start: 0 end: 90
#25653: TRIMMED_CURVE: Forcing parameter scale to radians,		start: 0 end: 7
#25559: TRIMMED_CURVE: Forcing parameter scale to radians,		start: 0 end: 37
#25647: TRIMMED_CURVE: Forcing parameter scale to radians,		start: 0 end: 7
#25653: TRIMMED_CURVE: Forcing parameter scale to radians,		start: 0 end: 7
#25669: TRIMMED_CURVE: Forcing parameter scale to radians,		start: 0 end: 90
#25675: TRIMMED_CURVE: Forcing parameter scale to radians,		start: 0 end: 90
#25669: TRIMMED_CURVE: Forcing parameter scale to radians,		start: 0 end: 90
#25701: TRIMMED_CURVE: Forcing parameter scale to radians,		start: 0 end: 90
#25701: TRIMMED_CURVE: Forcing parameter scale to radians,		start: 0 end: 90
#25717: TRIMMED_CURVE: Forcing parameter scale to radians,		start: 0 end: 90
#25675: TRIMMED_CURVE: Forcing parameter scale to radians,		start: 0 end: 90
#25717: TRIMMED_CURVE: Forcing parameter scale to radians,		start: 0 end: 90
#25743: TRIMMED_CURVE: Forcing parameter scale to radians,		start: 0 end: 43.3126
#25754: TRIMMED_CURVE: Forcing parameter scale to radians,		start: 0 end: 43.3126
#25775: TRIMMED_CURVE: Forcing parameter scale to radians,		start: 0 end: 43.3126
#25743: TRIMMED_CURVE: Forcing parameter scale to radians,		start: 0 end: 43.3126
#25775: TRIMMED_CURVE: Forcing parameter scale to radians,		start: 0 end: 43.3126
#25786: TRIMMED_CURVE: Forcing parameter scale to radians,		start: 0 end: 43.3126
#25786: TRIMMED_CURVE: Forcing parameter scale to radians,		start: 0 end: 43.3126
#25754: TRIMMED_CURVE: Forcing parameter scale to radians,		start: 0 end: 43.3126
#25843: TRIMMED_CURVE: Forcing parameter scale to radians,		start: 0 end: 46.6874
#27188: TRIMMED_CURVE: Forcing parameter scale to radians,		start: 0 end: 46.6874
#25832: TRIMMED_CURVE: Forcing parameter scale to radians,		start: 0 end: 46.6874
#25843: TRIMMED_CURVE: Forcing parameter scale to radians,		start: 0 end: 46.6874
#25832: TRIMMED_CURVE: Forcing parameter scale to radians,		start: 0 end: 46.6874
#27177: TRIMMED_CURVE: Forcing parameter scale to radians,		start: 0 end: 46.6874
#25864: TRIMMED_CURVE: Forcing parameter scale to radians,		start: 0 end: 103.871
#25875: TRIMMED_CURVE: Forcing parameter scale to radians,		start: 0 end: 103.871
#25881: TRIMMED_CURVE: Forcing parameter scale to radians,		start: 0 end: 101.377
#25892: TRIMMED_CURVE: Forcing parameter scale to radians,		start: 0 end: 101.377
#25898: TRIMMED_CURVE: Forcing parameter scale to radians,		start: 0 end: 97.9615
#25909: TRIMMED_CURVE: Forcing parameter scale to radians,		start: 0 end: 97.9615
#25915: TRIMMED_CURVE: Forcing parameter scale to radians,		start: 0 end: 90
#25921: TRIMMED_CURVE: Forcing parameter scale to radians,		start: 0 end: 90
#25927: TRIMMED_CURVE: Forcing parameter scale to radians,		start: 0 end: 90
#25933: TRIMMED_CURVE: Forcing parameter scale to radians,		start: 0 end: 90
#25939: TRIMMED_CURVE: Forcing parameter scale to radians,		start: 0 end: 90
#25945: TRIMMED_CURVE: Forcing parameter scale to radians,		start: 0 end: 90
#25951: TRIMMED_CURVE: Forcing parameter scale to radians,		start: 0 end: 90
#25957: TRIMMED_CURVE: Forcing parameter scale to radians,		start: 0 end: 90
#25983: TRIMMED_CURVE: Forcing parameter scale to radians,		start: 0 end: 90
#25989: TRIMMED_CURVE: Forcing parameter scale to radians,		start: 0 end: 90
#25995: TRIMMED_CURVE: Forcing parameter scale to radians,		start: 0 end: 90
#26001: TRIMMED_CURVE: Forcing parameter scale to radians,		start: 0 end: 90
#26007: TRIMMED_CURVE: Forcing parameter scale to radians,		start: 0 end: 90
#26013: TRIMMED_CURVE: Forcing parameter scale to radians,		start: 0 end: 90
#26019: TRIMMED_CURVE: Forcing parameter scale to radians,		start: 0 end: 90
#26025: TRIMMED_CURVE: Forcing parameter scale to radians,		start: 0 end: 90
#26031: TRIMMED_CURVE: Forcing parameter scale to radians,		start: 0 end: 97.9615
#26042: TRIMMED_CURVE: Forcing parameter scale to radians,		start: 0 end: 97.9615
#26048: TRIMMED_CURVE: Forcing parameter scale to radians,		start: 0 end: 101.377
#26059: TRIMMED_CURVE: Forcing parameter scale to radians,		start: 0 end: 101.377
#26065: TRIMMED_CURVE: Forcing parameter scale to radians,		start: 0 end: 103.871
#26076: TRIMMED_CURVE: Forcing parameter scale to radians,		start: 0 end: 103.871
#25957: TRIMMED_CURVE: Forcing parameter scale to radians,		start: 0 end: 90
#25983: TRIMMED_CURVE: Forcing parameter scale to radians,		start: 0 end: 90
#25951: TRIMMED_CURVE: Forcing parameter scale to radians,		start: 0 end: 90
#25989: TRIMMED_CURVE: Forcing parameter scale to radians,		start: 0 end: 90
#26132: TRIMMED_CURVE: Forcing parameter scale to radians,		start: 0 end: 90
#26138: TRIMMED_CURVE: Forcing parameter scale to radians,		start: 0 end: 90
#26159: TRIMMED_CURVE: Forcing parameter scale to radians,		start: 0 end: 90
#26132: TRIMMED_CURVE: Forcing parameter scale to radians,		start: 0 end: 90
#26159: TRIMMED_CURVE: Forcing parameter scale to radians,		start: 0 end: 90
#26165: TRIMMED_CURVE: Forcing parameter scale to radians,		start: 0 end: 90
#25945: TRIMMED_CURVE: Forcing parameter scale to radians,		start: 0 end: 90
#25995: TRIMMED_CURVE: Forcing parameter scale to radians,		start: 0 end: 90
#25939: TRIMMED_CURVE: Forcing parameter scale to radians,		start: 0 end: 90
#26001: TRIMMED_CURVE: Forcing parameter scale to radians,		start: 0 end: 90
#26226: TRIMMED_CURVE: Forcing parameter scale to radians,		start: 0 end: 46.6874
#26232: TRIMMED_CURVE: Forcing parameter scale to radians,		start: 0 end: 46.6874
#26226: TRIMMED_CURVE: Forcing parameter scale to radians,		start: 0 end: 46.6874
#26253: TRIMMED_CURVE: Forcing parameter scale to radians,		start: 0 end: 46.6874
#26253: TRIMMED_CURVE: Forcing parameter scale to radians,		start: 0 end: 46.6874
#26264: TRIMMED_CURVE: Forcing parameter scale to radians,		start: 0 end: 46.6874
#25933: TRIMMED_CURVE: Forcing parameter scale to radians,		start: 0 end: 90
#26007: TRIMMED_CURVE: Forcing parameter scale to radians,		start: 0 end: 90
#25927: TRIMMED_CURVE: Forcing parameter scale to radians,		start: 0 end: 90
#26013: TRIMMED_CURVE: Forcing parameter scale to radians,		start: 0 end: 90
#25921: TRIMMED_CURVE: Forcing parameter scale to radians,		start: 0 end: 90
#26019: TRIMMED_CURVE: Forcing parameter scale to radians,		start: 0 end: 90
#25915: TRIMMED_CURVE: Forcing parameter scale to radians,		start: 0 end: 90
#26025: TRIMMED_CURVE: Forcing parameter scale to radians,		start: 0 end: 90
#25909: TRIMMED_CURVE: Forcing parameter scale to radians,		start: 0 end: 97.9615
#26031: TRIMMED_CURVE: Forcing parameter scale to radians,		start: 0 end: 97.9615
#25898: TRIMMED_CURVE: Forcing parameter scale to radians,		start: 0 end: 97.9615
#26042: TRIMMED_CURVE: Forcing parameter scale to radians,		start: 0 end: 97.9615
#25892: TRIMMED_CURVE: Forcing parameter scale to radians,		start: 0 end: 101.377
#26048: TRIMMED_CURVE: Forcing parameter scale to radians,		start: 0 end: 101.377
#25881: TRIMMED_CURVE: Forcing parameter scale to radians,		start: 0 end: 101.377
#26059: TRIMMED_CURVE: Forcing parameter scale to radians,		start: 0 end: 101.377
#25875: TRIMMED_CURVE: Forcing parameter scale to radians,		start: 0 end: 103.871
#26065: TRIMMED_CURVE: Forcing parameter scale to radians,		start: 0 end: 103.871
#25864: TRIMMED_CURVE: Forcing parameter scale to radians,		start: 0 end: 103.871
#26076: TRIMMED_CURVE: Forcing parameter scale to radians,		start: 0 end: 103.871
#26465: TRIMMED_CURVE: Forcing parameter scale to radians,		start: 0 end: 37
#26471: TRIMMED_CURVE: Forcing parameter scale to radians,		start: 0 end: 37
#26492: TRIMMED_CURVE: Forcing parameter scale to radians,		start: 0 end: 37
#26465: TRIMMED_CURVE: Forcing parameter scale to radians,		start: 0 end: 37
#26492: TRIMMED_CURVE: Forcing parameter scale to radians,		start: 0 end: 37
#26503: TRIMMED_CURVE: Forcing parameter scale to radians,		start: 0 end: 37
#26503: TRIMMED_CURVE: Forcing parameter scale to radians,		start: 0 end: 37
#26471: TRIMMED_CURVE: Forcing parameter scale to radians,		start: 0 end: 37
#26524: TRIMMED_CURVE: Forcing parameter scale to radians,		start: 0 end: 90
#26530: TRIMMED_CURVE: Forcing parameter scale to radians,		start: 0 end: 90
#26546: TRIMMED_CURVE: Forcing parameter scale to radians,		start: 0 end: 90
#26524: TRIMMED_CURVE: Forcing parameter scale to radians,		start: 0 end: 90
#26546: TRIMMED_CURVE: Forcing parameter scale to radians,		start: 0 end: 90
#26552: TRIMMED_CURVE: Forcing parameter scale to radians,		start: 0 end: 90
#26552: TRIMMED_CURVE: Forcing parameter scale to radians,		start: 0 end: 90
#26530: TRIMMED_CURVE: Forcing parameter scale to radians,		start: 0 end: 90
#26232: TRIMMED_CURVE: Forcing parameter scale to radians,		start: 0 end: 46.6874
#26264: TRIMMED_CURVE: Forcing parameter scale to radians,		start: 0 end: 46.6874
#26643: TRIMMED_CURVE: Forcing parameter scale to radians,		start: 0 end: 43.3126
#26654: TRIMMED_CURVE: Forcing parameter scale to radians,		start: 0 end: 43.3126
#26670: TRIMMED_CURVE: Forcing parameter scale to radians,		start: 0 end: 43.3126
#26643: TRIMMED_CURVE: Forcing parameter scale to radians,		start: 0 end: 43.3126
#26670: TRIMMED_CURVE: Forcing parameter scale to radians,		start: 0 end: 43.3126
#26676: TRIMMED_CURVE: Forcing parameter scale to radians,		start: 0 end: 43.3126
#25492: TRIMMED_CURVE: Forcing parameter scale to radians,		start: 0 end: 90
#25459: TRIMMED_CURVE: Forcing parameter scale to radians,		start: 0 end: 90
#25486: TRIMMED_CURVE: Forcing parameter scale to radians,		start: 0 end: 90
#25465: TRIMMED_CURVE: Forcing parameter scale to radians,		start: 0 end: 90
#26676: TRIMMED_CURVE: Forcing parameter scale to radians,		start: 0 end: 43.3126
#26654: TRIMMED_CURVE: Forcing parameter scale to radians,		start: 0 end: 43.3126
#25498: TRIMMED_CURVE: Forcing parameter scale to radians,		start: 0 end: 90
#25453: TRIMMED_CURVE: Forcing parameter scale to radians,		start: 0 end: 90
#25504: TRIMMED_CURVE: Forcing parameter scale to radians,		start: 0 end: 90
#25447: TRIMMED_CURVE: Forcing parameter scale to radians,		start: 0 end: 90
#26812: TRIMMED_CURVE: Forcing parameter scale to radians,		start: 0 end: 90
#26823: TRIMMED_CURVE: Forcing parameter scale to radians,		start: 0 end: 90
#26850: TRIMMED_CURVE: Forcing parameter scale to radians,		start: 0 end: 90
#26812: TRIMMED_CURVE: Forcing parameter scale to radians,		start: 0 end: 90
#26839: TRIMMED_CURVE: Forcing parameter scale to radians,		start: 0 end: 90
#26850: TRIMMED_CURVE: Forcing parameter scale to radians,		start: 0 end: 90
#26856: TRIMMED_CURVE: Forcing parameter scale to radians,		start: 0 end: 90
#26839: TRIMMED_CURVE: Forcing parameter scale to radians,		start: 0 end: 90
#26856: TRIMMED_CURVE: Forcing parameter scale to radians,		start: 0 end: 90
#26823: TRIMMED_CURVE: Forcing parameter scale to radians,		start: 0 end: 90
#26917: TRIMMED_CURVE: Forcing parameter scale to radians,		start: 0 end: 42
#26928: TRIMMED_CURVE: Forcing parameter scale to radians,		start: 0 end: 42
#26960: TRIMMED_CURVE: Forcing parameter scale to radians,		start: 0 end: 42
#26917: TRIMMED_CURVE: Forcing parameter scale to radians,		start: 0 end: 42
#26949: TRIMMED_CURVE: Forcing parameter scale to radians,		start: 0 end: 42
#26960: TRIMMED_CURVE: Forcing parameter scale to radians,		start: 0 end: 42
#26966: TRIMMED_CURVE: Forcing parameter scale to radians,		start: 0 end: 42
#26949: TRIMMED_CURVE: Forcing parameter scale to radians,		start: 0 end: 42
#26966: TRIMMED_CURVE: Forcing parameter scale to radians,		start: 0 end: 42
#26928: TRIMMED_CURVE: Forcing parameter scale to radians,		start: 0 end: 42
#26992: TRIMMED_CURVE: Forcing parameter scale to radians,		start: 0 end: 90
#27021: TRIMMED_CURVE: Forcing parameter scale to radians,		start: 0 end: 90
#27032: TRIMMED_CURVE: Forcing parameter scale to radians,		start: 0 end: 90
#27021: TRIMMED_CURVE: Forcing parameter scale to radians,		start: 0 end: 90
#27032: TRIMMED_CURVE: Forcing parameter scale to radians,		start: 0 end: 90
#26992: TRIMMED_CURVE: Forcing parameter scale to radians,		start: 0 end: 90
#26138: TRIMMED_CURVE: Forcing parameter scale to radians,		start: 0 end: 90
#26165: TRIMMED_CURVE: Forcing parameter scale to radians,		start: 0 end: 90
#27093: TRIMMED_CURVE: Forcing parameter scale to radians,		start: 0 end: 90
#27099: TRIMMED_CURVE: Forcing parameter scale to radians,		start: 0 end: 90
#27115: TRIMMED_CURVE: Forcing parameter scale to radians,		start: 0 end: 90
#27121: TRIMMED_CURVE: Forcing parameter scale to radians,		start: 0 end: 90
#27115: TRIMMED_CURVE: Forcing parameter scale to radians,		start: 0 end: 90
#27099: TRIMMED_CURVE: Forcing parameter scale to radians,		start: 0 end: 90
#27121: TRIMMED_CURVE: Forcing parameter scale to radians,		start: 0 end: 90
#27093: TRIMMED_CURVE: Forcing parameter scale to radians,		start: 0 end: 90
#27177: TRIMMED_CURVE: Forcing parameter scale to radians,		start: 0 end: 46.6874
#27188: TRIMMED_CURVE: Forcing parameter scale to radians,		start: 0 end: 46.6874
#27249: TRIMMED_CURVE: Forcing parameter scale to radians,		start: 0 end: 48.612
#27255: TRIMMED_CURVE: Forcing parameter scale to radians,		start: 0 end: 48.612
#28400: TRIMMED_CURVE: Forcing parameter scale to radians,		start: 0 end: 56.3099
#27286: TRIMMED_CURVE: Forcing parameter scale to radians,		start: 0 end: 56.3099
#27286: TRIMMED_CURVE: Forcing parameter scale to radians,		start: 0 end: 56.3099
#27297: TRIMMED_CURVE: Forcing parameter scale to radians,		start: 0 end: 56.3099
#27297: TRIMMED_CURVE: Forcing parameter scale to radians,		start: 0 end: 56.3099
#28411: TRIMMED_CURVE: Forcing parameter scale to radians,		start: 0 end: 56.3099
#27333: TRIMMED_CURVE: Forcing parameter scale to radians,		start: 0 end: 56.3099
#27339: TRIMMED_CURVE: Forcing parameter scale to radians,		start: 0 end: 56.3099
#27333: TRIMMED_CURVE: Forcing parameter scale to radians,		start: 0 end: 56.3099
#27397: TRIMMED_CURVE: Forcing parameter scale to radians,		start: 0 end: 56.3099
#27370: TRIMMED_CURVE: Forcing parameter scale to radians,		start: 0 end: 56.3099
#27444: TRIMMED_CURVE: Forcing parameter scale to radians,		start: 0 end: 56.3099
#27370: TRIMMED_CURVE: Forcing parameter scale to radians,		start: 0 end: 56.3099
#27376: TRIMMED_CURVE: Forcing parameter scale to radians,		start: 0 end: 56.3099
#27397: TRIMMED_CURVE: Forcing parameter scale to radians,		start: 0 end: 56.3099
#27408: TRIMMED_CURVE: Forcing parameter scale to radians,		start: 0 end: 56.3099
#27408: TRIMMED_CURVE: Forcing parameter scale to radians,		start: 0 end: 56.3099
#27339: TRIMMED_CURVE: Forcing parameter scale to radians,		start: 0 end: 56.3099
#27376: TRIMMED_CURVE: Forcing parameter scale to radians,		start: 0 end: 56.3099
#27455: TRIMMED_CURVE: Forcing parameter scale to radians,		start: 0 end: 56.3099
#27444: TRIMMED_CURVE: Forcing parameter scale to radians,		start: 0 end: 56.3099
#27455: TRIMMED_CURVE: Forcing parameter scale to radians,		start: 0 end: 56.3099
#24712: TRIMMED_CURVE: Forcing parameter scale to radians,		start: 0 end: 90
#25025: TRIMMED_CURVE: Forcing parameter scale to radians,		start: 0 end: 90
#27511: TRIMMED_CURVE: Forcing parameter scale to radians,		start: 0 end: 90
#27522: TRIMMED_CURVE: Forcing parameter scale to radians,		start: 0 end: 90
#27545: TRIMMED_CURVE: Forcing parameter scale to radians,		start: 0 end: 75.5225
#27511: TRIMMED_CURVE: Forcing parameter scale to radians,		start: 0 end: 90
#27545: TRIMMED_CURVE: Forcing parameter scale to radians,		start: 0 end: 75.5225
#27551: TRIMMED_CURVE: Forcing parameter scale to radians,		start: 0 end: 75.5225
#27567: TRIMMED_CURVE: Forcing parameter scale to radians,		start: 0 end: 90
#27578: TRIMMED_CURVE: Forcing parameter scale to radians,		start: 0 end: 90
#27578: TRIMMED_CURVE: Forcing parameter scale to radians,		start: 0 end: 90
#27696: TRIMMED_CURVE: Forcing parameter scale to radians,		start: 0 end: 90
#27604: TRIMMED_CURVE: Forcing parameter scale to radians,		start: 0 end: 75.5225
#27610: TRIMMED_CURVE: Forcing parameter scale to radians,		start: 0 end: 75.5225
#27604: TRIMMED_CURVE: Forcing parameter scale to radians,		start: 0 end: 75.5225
#27737: TRIMMED_CURVE: Forcing parameter scale to radians,		start: 0 end: 90
#24724: TRIMMED_CURVE: Forcing parameter scale to radians,		start: 0 end: 48.1897
#25013: TRIMMED_CURVE: Forcing parameter scale to radians,		start: 0 end: 48.1897
#24718: TRIMMED_CURVE: Forcing parameter scale to radians,		start: 0 end: 48.1897
#25019: TRIMMED_CURVE: Forcing parameter scale to radians,		start: 0 end: 48.1897
#27551: TRIMMED_CURVE: Forcing parameter scale to radians,		start: 0 end: 75.5225
#27522: TRIMMED_CURVE: Forcing parameter scale to radians,		start: 0 end: 90
#27696: TRIMMED_CURVE: Forcing parameter scale to radians,		start: 0 end: 90
#27712: TRIMMED_CURVE: Forcing parameter scale to radians,		start: 0 end: 90
#27743: TRIMMED_CURVE: Forcing parameter scale to radians,		start: 0 end: 90
#27610: TRIMMED_CURVE: Forcing parameter scale to radians,		start: 0 end: 75.5225
#27737: TRIMMED_CURVE: Forcing parameter scale to radians,		start: 0 end: 90
#27743: TRIMMED_CURVE: Forcing parameter scale to radians,		start: 0 end: 90
#24730: TRIMMED_CURVE: Forcing parameter scale to radians,		start: 0 end: 90
#25007: TRIMMED_CURVE: Forcing parameter scale to radians,		start: 0 end: 90
#27834: TRIMMED_CURVE: Forcing parameter scale to radians,		start: 0 end: 56.3099
#27845: TRIMMED_CURVE: Forcing parameter scale to radians,		start: 0 end: 56.3099
#27834: TRIMMED_CURVE: Forcing parameter scale to radians,		start: 0 end: 56.3099
#27886: TRIMMED_CURVE: Forcing parameter scale to radians,		start: 0 end: 56.3099
#27892: TRIMMED_CURVE: Forcing parameter scale to radians,		start: 0 end: 56.3099
#27845: TRIMMED_CURVE: Forcing parameter scale to radians,		start: 0 end: 56.3099
#27886: TRIMMED_CURVE: Forcing parameter scale to radians,		start: 0 end: 56.3099
#27892: TRIMMED_CURVE: Forcing parameter scale to radians,		start: 0 end: 56.3099
#27918: TRIMMED_CURVE: Forcing parameter scale to radians,		start: 0 end: 56.3099
#27924: TRIMMED_CURVE: Forcing parameter scale to radians,		start: 0 end: 56.3099
#27918: TRIMMED_CURVE: Forcing parameter scale to radians,		start: 0 end: 56.3099
#27945: TRIMMED_CURVE: Forcing parameter scale to radians,		start: 0 end: 56.3099
#27945: TRIMMED_CURVE: Forcing parameter scale to radians,		start: 0 end: 56.3099
#27956: TRIMMED_CURVE: Forcing parameter scale to radians,		start: 0 end: 56.3099
#27924: TRIMMED_CURVE: Forcing parameter scale to radians,		start: 0 end: 56.3099
#27956: TRIMMED_CURVE: Forcing parameter scale to radians,		start: 0 end: 56.3099
#28002: TRIMMED_CURVE: Forcing parameter scale to radians,		start: 0 end: 56.3099
#28013: TRIMMED_CURVE: Forcing parameter scale to radians,		start: 0 end: 56.3099
#28034: TRIMMED_CURVE: Forcing parameter scale to radians,		start: 0 end: 56.3099
#28002: TRIMMED_CURVE: Forcing parameter scale to radians,		start: 0 end: 56.3099
#28034: TRIMMED_CURVE: Forcing parameter scale to radians,		start: 0 end: 56.3099
#28040: TRIMMED_CURVE: Forcing parameter scale to radians,		start: 0 end: 56.3099
#28078: TRIMMED_CURVE: Forcing parameter scale to radians,		start: 0 end: 48.612
#28358: TRIMMED_CURVE: Forcing parameter scale to radians,		start: 0 end: 56.3099
#28078: TRIMMED_CURVE: Forcing parameter scale to radians,		start: 0 end: 48.612
#28084: TRIMMED_CURVE: Forcing parameter scale to radians,		start: 0 end: 48.612
#28084: TRIMMED_CURVE: Forcing parameter scale to radians,		start: 0 end: 48.612
#28369: TRIMMED_CURVE: Forcing parameter scale to radians,		start: 0 end: 56.3099
#24736: TRIMMED_CURVE: Forcing parameter scale to radians,		start: 0 end: 72.459
#25001: TRIMMED_CURVE: Forcing parameter scale to radians,		start: 0 end: 72.459
#24742: TRIMMED_CURVE: Forcing parameter scale to radians,		start: 0 end: 90
#24995: TRIMMED_CURVE: Forcing parameter scale to radians,		start: 0 end: 90
#28172: TRIMMED_CURVE: Forcing parameter scale to radians,		start: 0 end: 40
#28183: TRIMMED_CURVE: Forcing parameter scale to radians,		start: 0 end: 40
#28172: TRIMMED_CURVE: Forcing parameter scale to radians,		start: 0 end: 40
#28312: TRIMMED_CURVE: Forcing parameter scale to radians,		start: 0 end: 40
#28204: TRIMMED_CURVE: Forcing parameter scale to radians,		start: 0 end: 90
#28210: TRIMMED_CURVE: Forcing parameter scale to radians,		start: 0 end: 90
#28204: TRIMMED_CURVE: Forcing parameter scale to radians,		start: 0 end: 90
#28231: TRIMMED_CURVE: Forcing parameter scale to radians,		start: 0 end: 90
#28231: TRIMMED_CURVE: Forcing parameter scale to radians,		start: 0 end: 90
#28255: TRIMMED_CURVE: Forcing parameter scale to radians,		start: 0 end: 40
#28301: TRIMMED_CURVE: Forcing parameter scale to radians,		start: 0 end: 40
#28255: TRIMMED_CURVE: Forcing parameter scale to radians,		start: 0 end: 40
#28183: TRIMMED_CURVE: Forcing parameter scale to radians,		start: 0 end: 40
#28301: TRIMMED_CURVE: Forcing parameter scale to radians,		start: 0 end: 40
#28312: TRIMMED_CURVE: Forcing parameter scale to radians,		start: 0 end: 40
#28210: TRIMMED_CURVE: Forcing parameter scale to radians,		start: 0 end: 90
#28358: TRIMMED_CURVE: Forcing parameter scale to radians,		start: 0 end: 56.3099
#28369: TRIMMED_CURVE: Forcing parameter scale to radians,		start: 0 end: 56.3099
#28040: TRIMMED_CURVE: Forcing parameter scale to radians,		start: 0 end: 56.3099
#28013: TRIMMED_CURVE: Forcing parameter scale to radians,		start: 0 end: 56.3099
#27567: TRIMMED_CURVE: Forcing parameter scale to radians,		start: 0 end: 90
#27712: TRIMMED_CURVE: Forcing parameter scale to radians,		start: 0 end: 90
#28400: TRIMMED_CURVE: Forcing parameter scale to radians,		start: 0 end: 56.3099
#28411: TRIMMED_CURVE: Forcing parameter scale to radians,		start: 0 end: 56.3099
#24860: TRIMMED_CURVE: Forcing parameter scale to radians,		start: 0 end: 36.5358
#24887: TRIMMED_CURVE: Forcing parameter scale to radians,		start: 0 end: 36.5358
#28452: TRIMMED_CURVE: Forcing parameter scale to radians,		start: 0 end: 90
#28458: TRIMMED_CURVE: Forcing parameter scale to radians,		start: 0 end: 90
#28474: TRIMMED_CURVE: Forcing parameter scale to radians,		start: 0 end: 90
#28452: TRIMMED_CURVE: Forcing parameter scale to radians,		start: 0 end: 90
#28474: TRIMMED_CURVE: Forcing parameter scale to radians,		start: 0 end: 90
#28480: TRIMMED_CURVE: Forcing parameter scale to radians,		start: 0 end: 90
#28480: TRIMMED_CURVE: Forcing parameter scale to radians,		start: 0 end: 90
#28458: TRIMMED_CURVE: Forcing parameter scale to radians,		start: 0 end: 90
#28582: TRIMMED_CURVE: Forcing parameter scale to radians,		start: 0 end: 60
#28614: TRIMMED_CURVE: Forcing parameter scale to radians,		start: 0 end: 60
#28576: TRIMMED_CURVE: Forcing parameter scale to radians,		start: 0 end: 60
#28582: TRIMMED_CURVE: Forcing parameter scale to radians,		start: 0 end: 60
#28603: TRIMMED_CURVE: Forcing parameter scale to radians,		start: 0 end: 60
#28576: TRIMMED_CURVE: Forcing parameter scale to radians,		start: 0 end: 60
#28603: TRIMMED_CURVE: Forcing parameter scale to radians,		start: 0 end: 60
#28614: TRIMMED_CURVE: Forcing parameter scale to radians,		start: 0 end: 60
#24808: TRIMMED_CURVE: Forcing parameter scale to radians,		start: 0 end: 90
#25031: TRIMMED_CURVE: Forcing parameter scale to radians,		start: 0 end: 90
#24802: TRIMMED_CURVE: Forcing parameter scale to radians,		start: 0 end: 81.3731
#25037: TRIMMED_CURVE: Forcing parameter scale to radians,		start: 0 end: 81.3731
#24796: TRIMMED_CURVE: Forcing parameter scale to radians,		start: 0 end: 81.3731
#25043: TRIMMED_CURVE: Forcing parameter scale to radians,		start: 0 end: 81.3731
#24838: TRIMMED_CURVE: Forcing parameter scale to radians,		start: 0 end: 90
#25049: TRIMMED_CURVE: Forcing parameter scale to radians,		start: 0 end: 90
#24832: TRIMMED_CURVE: Forcing parameter scale to radians,		start: 0 end: 90
#25055: TRIMMED_CURVE: Forcing parameter scale to radians,		start: 0 end: 90
#24826: TRIMMED_CURVE: Forcing parameter scale to radians,		start: 0 end: 81.3731
#25061: TRIMMED_CURVE: Forcing parameter scale to radians,		start: 0 end: 81.3731
#24820: TRIMMED_CURVE: Forcing parameter scale to radians,		start: 0 end: 81.3731
#25067: TRIMMED_CURVE: Forcing parameter scale to radians,		start: 0 end: 81.3731
#24814: TRIMMED_CURVE: Forcing parameter scale to radians,		start: 0 end: 90
#25073: TRIMMED_CURVE: Forcing parameter scale to radians,		start: 0 end: 90
#28906: TRIMMED_CURVE: Forcing parameter scale to radians,		start: 0 end: 60
#28938: TRIMMED_CURVE: Forcing parameter scale to radians,		start: 0 end: 60
#28900: TRIMMED_CURVE: Forcing parameter scale to radians,		start: 0 end: 60
#28906: TRIMMED_CURVE: Forcing parameter scale to radians,		start: 0 end: 60
#28900: TRIMMED_CURVE: Forcing parameter scale to radians,		start: 0 end: 60
#28927: TRIMMED_CURVE: Forcing parameter scale to radians,		start: 0 end: 60
#28927: TRIMMED_CURVE: Forcing parameter scale to radians,		start: 0 end: 60
#28938: TRIMMED_CURVE: Forcing parameter scale to radians,		start: 0 end: 60
#24778: TRIMMED_CURVE: Forcing parameter scale to radians,		start: 0 end: 90
#25079: TRIMMED_CURVE: Forcing parameter scale to radians,		start: 0 end: 90
#24772: TRIMMED_CURVE: Forcing parameter scale to radians,		start: 0 end: 81.3731
#25085: TRIMMED_CURVE: Forcing parameter scale to radians,		start: 0 end: 81.3731
#24766: TRIMMED_CURVE: Forcing parameter scale to radians,		start: 0 end: 81.3731
#25091: TRIMMED_CURVE: Forcing parameter scale to radians,		start: 0 end: 81.3731
#24760: TRIMMED_CURVE: Forcing parameter scale to radians,		start: 0 end: 90
#25097: TRIMMED_CURVE: Forcing parameter scale to radians,		start: 0 end: 90
#24754: TRIMMED_CURVE: Forcing parameter scale to radians,		start: 0 end: 90
#25103: TRIMMED_CURVE: Forcing parameter scale to radians,		start: 0 end: 90
#24748: TRIMMED_CURVE: Forcing parameter scale to radians,		start: 0 end: 81.3731
#25109: TRIMMED_CURVE: Forcing parameter scale to radians,		start: 0 end: 81.3731
#24790: TRIMMED_CURVE: Forcing parameter scale to radians,		start: 0 end: 81.3731
#25115: TRIMMED_CURVE: Forcing parameter scale to radians,		start: 0 end: 81.3731
#24784: TRIMMED_CURVE: Forcing parameter scale to radians,		start: 0 end: 90
#25121: TRIMMED_CURVE: Forcing parameter scale to radians,		start: 0 end: 90
#29214: TRIMMED_CURVE: Forcing parameter scale to radians,		start: 0 end: 90
#29220: TRIMMED_CURVE: Forcing parameter scale to radians,		start: 0 end: 90
#29226: TRIMMED_CURVE: Forcing parameter scale to radians,		start: 0 end: 90
#29232: TRIMMED_CURVE: Forcing parameter scale to radians,		start: 0 end: 90
#29243: TRIMMED_CURVE: Forcing parameter scale to radians,		start: 0 end: 90
#29291: TRIMMED_CURVE: Forcing parameter scale to radians,		start: 0 end: 90
#29243: TRIMMED_CURVE: Forcing parameter scale to radians,		start: 0 end: 90
#29275: TRIMMED_CURVE: Forcing parameter scale to radians,		start: 0 end: 90
#29269: TRIMMED_CURVE: Forcing parameter scale to radians,		start: 0 end: 90
#29275: TRIMMED_CURVE: Forcing parameter scale to radians,		start: 0 end: 90
#29297: TRIMMED_CURVE: Forcing parameter scale to radians,		start: 0 end: 90
#29269: TRIMMED_CURVE: Forcing parameter scale to radians,		start: 0 end: 90
#29291: TRIMMED_CURVE: Forcing parameter scale to radians,		start: 0 end: 90
#29297: TRIMMED_CURVE: Forcing parameter scale to radians,		start: 0 end: 90
#29359: TRIMMED_CURVE: Forcing parameter scale to radians,		start: 0 end: 42
#29396: TRIMMED_CURVE: Forcing parameter scale to radians,		start: 0 end: 42
#29348: TRIMMED_CURVE: Forcing parameter scale to radians,		start: 0 end: 42
#29359: TRIMMED_CURVE: Forcing parameter scale to radians,		start: 0 end: 42
#29370: TRIMMED_CURVE: Forcing parameter scale to radians,		start: 0 end: 42
#29348: TRIMMED_CURVE: Forcing parameter scale to radians,		start: 0 end: 42
#29370: TRIMMED_CURVE: Forcing parameter scale to radians,		start: 0 end: 42
#29402: TRIMMED_CURVE: Forcing parameter scale to radians,		start: 0 end: 42
#29396: TRIMMED_CURVE: Forcing parameter scale to radians,		start: 0 end: 42
#29402: TRIMMED_CURVE: Forcing parameter scale to radians,		start: 0 end: 42
#29418: TRIMMED_CURVE: Forcing parameter scale to radians,		start: 0 end: 90
#29424: TRIMMED_CURVE: Forcing parameter scale to radians,		start: 0 end: 90
#29418: TRIMMED_CURVE: Forcing parameter scale to radians,		start: 0 end: 90
#29463: TRIMMED_CURVE: Forcing parameter scale to radians,		start: 0 end: 90
#29424: TRIMMED_CURVE: Forcing parameter scale to radians,		start: 0 end: 90
#29463: TRIMMED_CURVE: Forcing parameter scale to radians,		start: 0 end: 90
#29524: TRIMMED_CURVE: Forcing parameter scale to radians,		start: 0 end: 90
#29530: TRIMMED_CURVE: Forcing parameter scale to radians,		start: 0 end: 90
#29536: TRIMMED_CURVE: Forcing parameter scale to radians,		start: 0 end: 90
#29542: TRIMMED_CURVE: Forcing parameter scale to radians,		start: 0 end: 90
#29558: TRIMMED_CURVE: Forcing parameter scale to radians,		start: 0 end: 43.3126
#29564: TRIMMED_CURVE: Forcing parameter scale to radians,		start: 0 end: 43.3126
#29585: TRIMMED_CURVE: Forcing parameter scale to radians,		start: 0 end: 43.3126
#29558: TRIMMED_CURVE: Forcing parameter scale to radians,		start: 0 end: 43.3126
#29585: TRIMMED_CURVE: Forcing parameter scale to radians,		start: 0 end: 43.3126
#29596: TRIMMED_CURVE: Forcing parameter scale to radians,		start: 0 end: 43.3126
#29542: TRIMMED_CURVE: Forcing parameter scale to radians,		start: 0 end: 90
#29214: TRIMMED_CURVE: Forcing parameter scale to radians,		start: 0 end: 90
#29536: TRIMMED_CURVE: Forcing parameter scale to radians,		start: 0 end: 90
#29220: TRIMMED_CURVE: Forcing parameter scale to radians,		start: 0 end: 90
#29652: TRIMMED_CURVE: Forcing parameter scale to radians,		start: 0 end: 43.3126
#29658: TRIMMED_CURVE: Forcing parameter scale to radians,		start: 0 end: 43.3126
#29652: TRIMMED_CURVE: Forcing parameter scale to radians,		start: 0 end: 43.3126
#29679: TRIMMED_CURVE: Forcing parameter scale to radians,		start: 0 end: 43.3126
#29679: TRIMMED_CURVE: Forcing parameter scale to radians,		start: 0 end: 43.3126
#29690: TRIMMED_CURVE: Forcing parameter scale to radians,		start: 0 end: 43.3126
#29530: TRIMMED_CURVE: Forcing parameter scale to radians,		start: 0 end: 90
#29226: TRIMMED_CURVE: Forcing parameter scale to radians,		start: 0 end: 90
#29524: TRIMMED_CURVE: Forcing parameter scale to radians,		start: 0 end: 90
#29232: TRIMMED_CURVE: Forcing parameter scale to radians,		start: 0 end: 90
#29658: TRIMMED_CURVE: Forcing parameter scale to radians,		start: 0 end: 43.3126
#29690: TRIMMED_CURVE: Forcing parameter scale to radians,		start: 0 end: 43.3126
#29791: TRIMMED_CURVE: Forcing parameter scale to radians,		start: 0 end: 46.6874
#29802: TRIMMED_CURVE: Forcing parameter scale to radians,		start: 0 end: 46.6874
#29818: TRIMMED_CURVE: Forcing parameter scale to radians,		start: 0 end: 46.6874
#29791: TRIMMED_CURVE: Forcing parameter scale to radians,		start: 0 end: 46.6874
#29818: TRIMMED_CURVE: Forcing parameter scale to radians,		start: 0 end: 46.6874
#29824: TRIMMED_CURVE: Forcing parameter scale to radians,		start: 0 end: 46.6874
#29840: TRIMMED_CURVE: Forcing parameter scale to radians,		start: 0 end: 90
#29846: TRIMMED_CURVE: Forcing parameter scale to radians,		start: 0 end: 90
#29852: TRIMMED_CURVE: Forcing parameter scale to radians,		start: 0 end: 90
#29858: TRIMMED_CURVE: Forcing parameter scale to radians,		start: 0 end: 90
#29869: TRIMMED_CURVE: Forcing parameter scale to radians,		start: 0 end: 90
#29875: TRIMMED_CURVE: Forcing parameter scale to radians,		start: 0 end: 90
#29881: TRIMMED_CURVE: Forcing parameter scale to radians,		start: 0 end: 90
#29887: TRIMMED_CURVE: Forcing parameter scale to radians,		start: 0 end: 90
#29893: TRIMMED_CURVE: Forcing parameter scale to radians,		start: 0 end: 97.9615
#29904: TRIMMED_CURVE: Forcing parameter scale to radians,		start: 0 end: 97.9615
#29910: TRIMMED_CURVE: Forcing parameter scale to radians,		start: 0 end: 101.377
#29921: TRIMMED_CURVE: Forcing parameter scale to radians,		start: 0 end: 101.377
#29927: TRIMMED_CURVE: Forcing parameter scale to radians,		start: 0 end: 103.871
#29938: TRIMMED_CURVE: Forcing parameter scale to radians,		start: 0 end: 103.871
#29959: TRIMMED_CURVE: Forcing parameter scale to radians,		start: 0 end: 37
#29965: TRIMMED_CURVE: Forcing parameter scale to radians,		start: 0 end: 37
#29959: TRIMMED_CURVE: Forcing parameter scale to radians,		start: 0 end: 37
#29986: TRIMMED_CURVE: Forcing parameter scale to radians,		start: 0 end: 37
#29986: TRIMMED_CURVE: Forcing parameter scale to radians,		start: 0 end: 37
#29992: TRIMMED_CURVE: Forcing parameter scale to radians,		start: 0 end: 37
#29938: TRIMMED_CURVE: Forcing parameter scale to radians,		start: 0 end: 103.871
#30173: TRIMMED_CURVE: Forcing parameter scale to radians,		start: 0 end: 103.871
#29927: TRIMMED_CURVE: Forcing parameter scale to radians,		start: 0 end: 103.871
#30184: TRIMMED_CURVE: Forcing parameter scale to radians,		start: 0 end: 103.871
#29921: TRIMMED_CURVE: Forcing parameter scale to radians,		start: 0 end: 101.377
#30195: TRIMMED_CURVE: Forcing parameter scale to radians,		start: 0 end: 101.377
#29910: TRIMMED_CURVE: Forcing parameter scale to radians,		start: 0 end: 101.377
#30206: TRIMMED_CURVE: Forcing parameter scale to radians,		start: 0 end: 101.377
#29904: TRIMMED_CURVE: Forcing parameter scale to radians,		start: 0 end: 97.9615
#30217: TRIMMED_CURVE: Forcing parameter scale to radians,		start: 0 end: 97.9615
#29893: TRIMMED_CURVE: Forcing parameter scale to radians,		start: 0 end: 97.9615
#30228: TRIMMED_CURVE: Forcing parameter scale to radians,		start: 0 end: 97.9615
#29887: TRIMMED_CURVE: Forcing parameter scale to radians,		start: 0 end: 90
#30244: TRIMMED_CURVE: Forcing parameter scale to radians,		start: 0 end: 90
#29881: TRIMMED_CURVE: Forcing parameter scale to radians,		start: 0 end: 90
#30255: TRIMMED_CURVE: Forcing parameter scale to radians,		start: 0 end: 90
#29875: TRIMMED_CURVE: Forcing parameter scale to radians,		start: 0 end: 90
#30266: TRIMMED_CURVE: Forcing parameter scale to radians,		start: 0 end: 90
#29869: TRIMMED_CURVE: Forcing parameter scale to radians,		start: 0 end: 90
#30277: TRIMMED_CURVE: Forcing parameter scale to radians,		start: 0 end: 90
#30173: TRIMMED_CURVE: Forcing parameter scale to radians,		start: 0 end: 103.871
#30184: TRIMMED_CURVE: Forcing parameter scale to radians,		start: 0 end: 103.871
#30195: TRIMMED_CURVE: Forcing parameter scale to radians,		start: 0 end: 101.377
#30206: TRIMMED_CURVE: Forcing parameter scale to radians,		start: 0 end: 101.377
#30217: TRIMMED_CURVE: Forcing parameter scale to radians,		start: 0 end: 97.9615
#30228: TRIMMED_CURVE: Forcing parameter scale to radians,		start: 0 end: 97.9615
#30244: TRIMMED_CURVE: Forcing parameter scale to radians,		start: 0 end: 90
#30255: TRIMMED_CURVE: Forcing parameter scale to radians,		start: 0 end: 90
#30266: TRIMMED_CURVE: Forcing parameter scale to radians,		start: 0 end: 90
#30277: TRIMMED_CURVE: Forcing parameter scale to radians,		start: 0 end: 90
#30293: TRIMMED_CURVE: Forcing parameter scale to radians,		start: 0 end: 90
#30299: TRIMMED_CURVE: Forcing parameter scale to radians,		start: 0 end: 90
#30305: TRIMMED_CURVE: Forcing parameter scale to radians,		start: 0 end: 90
#30311: TRIMMED_CURVE: Forcing parameter scale to radians,		start: 0 end: 90
#29965: TRIMMED_CURVE: Forcing parameter scale to radians,		start: 0 end: 37
#29992: TRIMMED_CURVE: Forcing parameter scale to radians,		start: 0 end: 37
#30327: TRIMMED_CURVE: Forcing parameter scale to radians,		start: 0 end: 90
#30333: TRIMMED_CURVE: Forcing parameter scale to radians,		start: 0 end: 90
#30349: TRIMMED_CURVE: Forcing parameter scale to radians,		start: 0 end: 90
#30327: TRIMMED_CURVE: Forcing parameter scale to radians,		start: 0 end: 90
#30349: TRIMMED_CURVE: Forcing parameter scale to radians,		start: 0 end: 90
#30355: TRIMMED_CURVE: Forcing parameter scale to radians,		start: 0 end: 90
#30355: TRIMMED_CURVE: Forcing parameter scale to radians,		start: 0 end: 90
#30333: TRIMMED_CURVE: Forcing parameter scale to radians,		start: 0 end: 90
#29824: TRIMMED_CURVE: Forcing parameter scale to radians,		start: 0 end: 46.6874
#29802: TRIMMED_CURVE: Forcing parameter scale to radians,		start: 0 end: 46.6874
#29858: TRIMMED_CURVE: Forcing parameter scale to radians,		start: 0 end: 90
#30293: TRIMMED_CURVE: Forcing parameter scale to radians,		start: 0 end: 90
#29852: TRIMMED_CURVE: Forcing parameter scale to radians,		start: 0 end: 90
#30299: TRIMMED_CURVE: Forcing parameter scale to radians,		start: 0 end: 90
#30456: TRIMMED_CURVE: Forcing parameter scale to radians,		start: 0 end: 90
#30462: TRIMMED_CURVE: Forcing parameter scale to radians,		start: 0 end: 90
#30483: TRIMMED_CURVE: Forcing parameter scale to radians,		start: 0 end: 90
#30456: TRIMMED_CURVE: Forcing parameter scale to radians,		start: 0 end: 90
#30483: TRIMMED_CURVE: Forcing parameter scale to radians,		start: 0 end: 90
#30489: TRIMMED_CURVE: Forcing parameter scale to radians,		start: 0 end: 90
#29846: TRIMMED_CURVE: Forcing parameter scale to radians,		start: 0 end: 90
#30305: TRIMMED_CURVE: Forcing parameter scale to radians,		start: 0 end: 90
#29840: TRIMMED_CURVE: Forcing parameter scale to radians,		start: 0 end: 90
#30311: TRIMMED_CURVE: Forcing parameter scale to radians,		start: 0 end: 90
#30550: TRIMMED_CURVE: Forcing parameter scale to radians,		start: 0 end: 46.6874
#30561: TRIMMED_CURVE: Forcing parameter scale to radians,		start: 0 end: 46.6874
#30582: TRIMMED_CURVE: Forcing parameter scale to radians,		start: 0 end: 46.6874
#30550: TRIMMED_CURVE: Forcing parameter scale to radians,		start: 0 end: 46.6874
#30582: TRIMMED_CURVE: Forcing parameter scale to radians,		start: 0 end: 46.6874
#30593: TRIMMED_CURVE: Forcing parameter scale to radians,		start: 0 end: 46.6874
#30593: TRIMMED_CURVE: Forcing parameter scale to radians,		start: 0 end: 46.6874
#30561: TRIMMED_CURVE: Forcing parameter scale to radians,		start: 0 end: 46.6874
#29596: TRIMMED_CURVE: Forcing parameter scale to radians,		start: 0 end: 43.3126
#29564: TRIMMED_CURVE: Forcing parameter scale to radians,		start: 0 end: 43.3126
#30462: TRIMMED_CURVE: Forcing parameter scale to radians,		start: 0 end: 90
#30489: TRIMMED_CURVE: Forcing parameter scale to radians,		start: 0 end: 90
#30664: TRIMMED_CURVE: Forcing parameter scale to radians,		start: 0 end: 90
#30670: TRIMMED_CURVE: Forcing parameter scale to radians,		start: 0 end: 90
#30686: TRIMMED_CURVE: Forcing parameter scale to radians,		start: 0 end: 90
#30692: TRIMMED_CURVE: Forcing parameter scale to radians,		start: 0 end: 90
#30686: TRIMMED_CURVE: Forcing parameter scale to radians,		start: 0 end: 90
#30670: TRIMMED_CURVE: Forcing parameter scale to radians,		start: 0 end: 90
#30692: TRIMMED_CURVE: Forcing parameter scale to radians,		start: 0 end: 90
#30664: TRIMMED_CURVE: Forcing parameter scale to radians,		start: 0 end: 90
#30798: TRIMMED_CURVE: Forcing parameter scale to radians,		start: 0 end: 37
#30809: TRIMMED_CURVE: Forcing parameter scale to radians,		start: 0 end: 37
#30798: TRIMMED_CURVE: Forcing parameter scale to radians,		start: 0 end: 37
#30904: TRIMMED_CURVE: Forcing parameter scale to radians,		start: 0 end: 37
#30825: TRIMMED_CURVE: Forcing parameter scale to radians,		start: 0 end: 90
#30831: TRIMMED_CURVE: Forcing parameter scale to radians,		start: 0 end: 90
#30825: TRIMMED_CURVE: Forcing parameter scale to radians,		start: 0 end: 90
#30872: TRIMMED_CURVE: Forcing parameter scale to radians,		start: 0 end: 90
#30831: TRIMMED_CURVE: Forcing parameter scale to radians,		start: 0 end: 90
#30883: TRIMMED_CURVE: Forcing parameter scale to radians,		start: 0 end: 90
#30872: TRIMMED_CURVE: Forcing parameter scale to radians,		start: 0 end: 90
#30883: TRIMMED_CURVE: Forcing parameter scale to radians,		start: 0 end: 90
#30809: TRIMMED_CURVE: Forcing parameter scale to radians,		start: 0 end: 37
#30915: TRIMMED_CURVE: Forcing parameter scale to radians,		start: 0 end: 37
#30904: TRIMMED_CURVE: Forcing parameter scale to radians,		start: 0 end: 37
#30915: TRIMMED_CURVE: Forcing parameter scale to radians,		start: 0 end: 37
Surfaces successfully processed into a solid body.
STEP-in completed.Surfaces successfully processed into a solid body.
STEP-in completed.
Error: Unable to create solid from trimmed surfaces.
STEP-in did not complete successfully.
#60945: TRIMMED_CURVE: Forcing parameter scale to radians,		start: 46.6874 end: 0
#60956: TRIMMED_CURVE: Forcing parameter scale to radians,		start: 46.6874 end: 0
XLTR: Circuit sanity failure
Surfaces successfully processed into a solid body.
STEP-in completed.
Error: Unable to create solid from trimmed surfaces.
STEP-in did not complete successfully.
#61994: TRIMMED_CURVE: Forcing parameter scale to radians,		start: 60 end: 0
#62005: TRIMMED_CURVE: Forcing parameter scale to radians,		start: 60 end: 0
XLTR: Circuit sanity failure
Surfaces successfully processed into a solid body.
STEP-in completed.
Error: Unable to create solid from trimmed surfaces.
STEP-in did not complete successfully.
Surfaces successfully processed into a solid body.
STEP-in completed.
Error: Unable to create solid from trimmed surfaces.
STEP-in did not complete successfully.
#110: TRIMMED_CURVE: Forcing parameter scale to radians,		start: 0 end: 90
#388: TRIMMED_CURVE: Forcing parameter scale to radians,		start: 0 end: 90
#119: TRIMMED_CURVE: Forcing parameter scale to radians,		start: 0 end: 90
#379: TRIMMED_CURVE: Forcing parameter scale to radians,		start: 0 end: 90
#110: TRIMMED_CURVE: Forcing parameter scale to radians,		start: 0 end: 90
#119: TRIMMED_CURVE: Forcing parameter scale to radians,		start: 0 end: 90
#136: TRIMMED_CURVE: Forcing parameter scale to radians,		start: 0 end: 90
#145: TRIMMED_CURVE: Forcing parameter scale to radians,		start: 0 end: 90
#162: TRIMMED_CURVE: Forcing parameter scale to radians,		start: 0 end: 90
#171: TRIMMED_CURVE: Forcing parameter scale to radians,		start: 0 end: 90
#180: TRIMMED_CURVE: Forcing parameter scale to radians,		start: 0 end: 90
#189: TRIMMED_CURVE: Forcing parameter scale to radians,		start: 0 end: 90
#136: TRIMMED_CURVE: Forcing parameter scale to radians,		start: 0 end: 90
#1643: TRIMMED_CURVE: Forcing parameter scale to radians,		start: 0 end: 90
#145: TRIMMED_CURVE: Forcing parameter scale to radians,		start: 0 end: 90
#1626: TRIMMED_CURVE: Forcing parameter scale to radians,		start: 0 end: 90
#262: TRIMMED_CURVE: Forcing parameter scale to radians,		start: 0 end: 51.7098
#295: TRIMMED_CURVE: Forcing parameter scale to radians,		start: 0 end: 51.7098
#320: TRIMMED_CURVE: Forcing parameter scale to radians,		start: 0 end: 45.3794
#329: TRIMMED_CURVE: Forcing parameter scale to radians,		start: 0 end: 45.3794
#370: TRIMMED_CURVE: Forcing parameter scale to radians,		start: 0 end: 45.3794
#379: TRIMMED_CURVE: Forcing parameter scale to radians,		start: 0 end: 90
#388: TRIMMED_CURVE: Forcing parameter scale to radians,		start: 0 end: 90
#405: TRIMMED_CURVE: Forcing parameter scale to radians,		start: 0 end: 51.7098
#329: TRIMMED_CURVE: Forcing parameter scale to radians,		start: 0 end: 45.3794
#370: TRIMMED_CURVE: Forcing parameter scale to radians,		start: 0 end: 45.3794
#262: TRIMMED_CURVE: Forcing parameter scale to radians,		start: 0 end: 51.7098
#405: TRIMMED_CURVE: Forcing parameter scale to radians,		start: 0 end: 51.7098
#622: TRIMMED_CURVE: Forcing parameter scale to radians,		start: 0 end: 56.3987
#655: TRIMMED_CURVE: Forcing parameter scale to radians,		start: 0 end: 56.3987
#622: TRIMMED_CURVE: Forcing parameter scale to radians,		start: 0 end: 56.3987
#655: TRIMMED_CURVE: Forcing parameter scale to radians,		start: 0 end: 56.3987
#792: TRIMMED_CURVE: Forcing parameter scale to radians,		start: 0 end: 56.3987
#881: TRIMMED_CURVE: Forcing parameter scale to radians,		start: 0 end: 56.3987
#792: TRIMMED_CURVE: Forcing parameter scale to radians,		start: 0 end: 56.3987
#881: TRIMMED_CURVE: Forcing parameter scale to radians,		start: 0 end: 56.3987
#986: TRIMMED_CURVE: Forcing parameter scale to radians,		start: 0 end: 56.3987
#1075: TRIMMED_CURVE: Forcing parameter scale to radians,		start: 0 end: 56.3987
#986: TRIMMED_CURVE: Forcing parameter scale to radians,		start: 0 end: 56.3987
#1075: TRIMMED_CURVE: Forcing parameter scale to radians,		start: 0 end: 56.3987
#1180: TRIMMED_CURVE: Forcing parameter scale to radians,		start: 0 end: 56.3987
#1269: TRIMMED_CURVE: Forcing parameter scale to radians,		start: 0 end: 56.3987
#1180: TRIMMED_CURVE: Forcing parameter scale to radians,		start: 0 end: 56.3987
#1269: TRIMMED_CURVE: Forcing parameter scale to radians,		start: 0 end: 56.3987
#1374: TRIMMED_CURVE: Forcing parameter scale to radians,		start: 0 end: 56.3987
#1471: TRIMMED_CURVE: Forcing parameter scale to radians,		start: 0 end: 56.3987
#1374: TRIMMED_CURVE: Forcing parameter scale to radians,		start: 0 end: 56.3987
#1471: TRIMMED_CURVE: Forcing parameter scale to radians,		start: 0 end: 56.3987
#295: TRIMMED_CURVE: Forcing parameter scale to radians,		start: 0 end: 51.7098
#1609: TRIMMED_CURVE: Forcing parameter scale to radians,		start: 0 end: 51.7098
#1584: TRIMMED_CURVE: Forcing parameter scale to radians,		start: 0 end: 45.3794
#1609: TRIMMED_CURVE: Forcing parameter scale to radians,		start: 0 end: 51.7098
#1626: TRIMMED_CURVE: Forcing parameter scale to radians,		start: 0 end: 90
#1643: TRIMMED_CURVE: Forcing parameter scale to radians,		start: 0 end: 90
#320: TRIMMED_CURVE: Forcing parameter scale to radians,		start: 0 end: 45.3794
#1584: TRIMMED_CURVE: Forcing parameter scale to radians,		start: 0 end: 45.3794
#1708: TRIMMED_CURVE: Forcing parameter scale to radians,		start: 0 end: 28.3576
#1733: TRIMMED_CURVE: Forcing parameter scale to radians,		start: 0 end: 90
#1708: TRIMMED_CURVE: Forcing parameter scale to radians,		start: 0 end: 28.3576
#1885: TRIMMED_CURVE: Forcing parameter scale to radians,		start: 0 end: 24.7852
#1860: TRIMMED_CURVE: Forcing parameter scale to radians,		start: 0 end: 90
#1885: TRIMMED_CURVE: Forcing parameter scale to radians,		start: 0 end: 24.7852
#1984: TRIMMED_CURVE: Forcing parameter scale to radians,		start: 0 end: 83.3533
#3597: TRIMMED_CURVE: Forcing parameter scale to radians,		start: 0 end: 75
#1975: TRIMMED_CURVE: Forcing parameter scale to radians,		start: 0 end: 63.4349
#1975: TRIMMED_CURVE: Forcing parameter scale to radians,		start: 0 end: 63.4349
#1984: TRIMMED_CURVE: Forcing parameter scale to radians,		start: 0 end: 83.3533
#2105: TRIMMED_CURVE: Forcing parameter scale to radians,		start: 0 end: 45
#2088: TRIMMED_CURVE: Forcing parameter scale to radians,		start: 0 end: 60
#2105: TRIMMED_CURVE: Forcing parameter scale to radians,		start: 0 end: 45
#2162: TRIMMED_CURVE: Forcing parameter scale to radians,		start: 0 end: 14.427
#2162: TRIMMED_CURVE: Forcing parameter scale to radians,		start: 0 end: 14.427
#4461: TRIMMED_CURVE: Forcing parameter scale to radians,		start: 0 end: 14.427
#4364: TRIMMED_CURVE: Forcing parameter scale to radians,		start: 0 end: 14.427
#4239: TRIMMED_CURVE: Forcing parameter scale to radians,		start: 0 end: 14.427
#4198: TRIMMED_CURVE: Forcing parameter scale to radians,		start: 0 end: 14.427
#4041: TRIMMED_CURVE: Forcing parameter scale to radians,		start: 0 end: 14.427
#4008: TRIMMED_CURVE: Forcing parameter scale to radians,		start: 0 end: 14.427
#3883: TRIMMED_CURVE: Forcing parameter scale to radians,		start: 0 end: 14.427
#3817: TRIMMED_CURVE: Forcing parameter scale to radians,		start: 0 end: 60
#3658: TRIMMED_CURVE: Forcing parameter scale to radians,		start: 0 end: 90
#3640: TRIMMED_CURVE: Forcing parameter scale to radians,		start: 0 end: 90
#2088: TRIMMED_CURVE: Forcing parameter scale to radians,		start: 0 end: 60
#4579: TRIMMED_CURVE: Forcing parameter scale to radians,		start: 0 end: 53.1553
#4537: TRIMMED_CURVE: Forcing parameter scale to radians,		start: 0 end: 53.1553
#2541: TRIMMED_CURVE: Forcing parameter scale to radians,		start: 0 end: 83.3533
#2550: TRIMMED_CURVE: Forcing parameter scale to radians,		start: 0 end: 63.4349
#2541: TRIMMED_CURVE: Forcing parameter scale to radians,		start: 0 end: 83.3533
#2550: TRIMMED_CURVE: Forcing parameter scale to radians,		start: 0 end: 63.4349
#1733: TRIMMED_CURVE: Forcing parameter scale to radians,		start: 0 end: 90
#2693: TRIMMED_CURVE: Forcing parameter scale to radians,		start: 0 end: 90
#2654: TRIMMED_CURVE: Forcing parameter scale to radians,		start: 0 end: 28.3576
#2693: TRIMMED_CURVE: Forcing parameter scale to radians,		start: 0 end: 90
#2742: TRIMMED_CURVE: Forcing parameter scale to radians,		start: 0 end: 90
#2773: TRIMMED_CURVE: Forcing parameter scale to radians,		start: 0 end: 28.3576
#2742: TRIMMED_CURVE: Forcing parameter scale to radians,		start: 0 end: 90
#2845: TRIMMED_CURVE: Forcing parameter scale to radians,		start: 0 end: 90
#2806: TRIMMED_CURVE: Forcing parameter scale to radians,		start: 0 end: 28.3576
#2845: TRIMMED_CURVE: Forcing parameter scale to radians,		start: 0 end: 90
#2894: TRIMMED_CURVE: Forcing parameter scale to radians,		start: 0 end: 90
#2925: TRIMMED_CURVE: Forcing parameter scale to radians,		start: 0 end: 28.3576
#2894: TRIMMED_CURVE: Forcing parameter scale to radians,		start: 0 end: 90
#2997: TRIMMED_CURVE: Forcing parameter scale to radians,		start: 0 end: 90
#2958: TRIMMED_CURVE: Forcing parameter scale to radians,		start: 0 end: 28.3576
#2997: TRIMMED_CURVE: Forcing parameter scale to radians,		start: 0 end: 90
#3046: TRIMMED_CURVE: Forcing parameter scale to radians,		start: 0 end: 90
#3077: TRIMMED_CURVE: Forcing parameter scale to radians,		start: 0 end: 28.3576
#3046: TRIMMED_CURVE: Forcing parameter scale to radians,		start: 0 end: 90
#3149: TRIMMED_CURVE: Forcing parameter scale to radians,		start: 0 end: 90
#3110: TRIMMED_CURVE: Forcing parameter scale to radians,		start: 0 end: 28.3576
#3149: TRIMMED_CURVE: Forcing parameter scale to radians,		start: 0 end: 90
#3110: TRIMMED_CURVE: Forcing parameter scale to radians,		start: 0 end: 28.3576
#3216: TRIMMED_CURVE: Forcing parameter scale to radians,		start: 0 end: 24.7852
#3216: TRIMMED_CURVE: Forcing parameter scale to radians,		start: 0 end: 24.7852
#3241: TRIMMED_CURVE: Forcing parameter scale to radians,		start: 0 end: 90
#3297: TRIMMED_CURVE: Forcing parameter scale to radians,		start: 0 end: 90
#3241: TRIMMED_CURVE: Forcing parameter scale to radians,		start: 0 end: 90
#3288: TRIMMED_CURVE: Forcing parameter scale to radians,		start: 0 end: 90
#3297: TRIMMED_CURVE: Forcing parameter scale to radians,		start: 0 end: 90
#189: TRIMMED_CURVE: Forcing parameter scale to radians,		start: 0 end: 90
#3306: TRIMMED_CURVE: Forcing parameter scale to radians,		start: 0 end: 90
#15381: CURVE_BOUNDED_SURFACE: reversing loop - forced.
#3288: TRIMMED_CURVE: Forcing parameter scale to radians,		start: 0 end: 90
#3376: TRIMMED_CURVE: Forcing parameter scale to radians,		start: 0 end: 90
#3306: TRIMMED_CURVE: Forcing parameter scale to radians,		start: 0 end: 90
#3367: TRIMMED_CURVE: Forcing parameter scale to radians,		start: 0 end: 90
#3376: TRIMMED_CURVE: Forcing parameter scale to radians,		start: 0 end: 90
#180: TRIMMED_CURVE: Forcing parameter scale to radians,		start: 0 end: 90
#3385: TRIMMED_CURVE: Forcing parameter scale to radians,		start: 0 end: 90
#15636: CURVE_BOUNDED_SURFACE: reversing loop - forced.
#3367: TRIMMED_CURVE: Forcing parameter scale to radians,		start: 0 end: 90
#3676: TRIMMED_CURVE: Forcing parameter scale to radians,		start: 0 end: 90
#3435: TRIMMED_CURVE: Forcing parameter scale to radians,		start: 0 end: 90
#3385: TRIMMED_CURVE: Forcing parameter scale to radians,		start: 0 end: 90
#3426: TRIMMED_CURVE: Forcing parameter scale to radians,		start: 0 end: 90
#3435: TRIMMED_CURVE: Forcing parameter scale to radians,		start: 0 end: 90
#171: TRIMMED_CURVE: Forcing parameter scale to radians,		start: 0 end: 90
#3444: TRIMMED_CURVE: Forcing parameter scale to radians,		start: 0 end: 90
#15869: CURVE_BOUNDED_SURFACE: reversing loop - forced.
#3426: TRIMMED_CURVE: Forcing parameter scale to radians,		start: 0 end: 90
#3649: TRIMMED_CURVE: Forcing parameter scale to radians,		start: 0 end: 90
#3444: TRIMMED_CURVE: Forcing parameter scale to radians,		start: 0 end: 90
#3502: TRIMMED_CURVE: Forcing parameter scale to radians,		start: 0 end: 90
#3493: TRIMMED_CURVE: Forcing parameter scale to radians,		start: 0 end: 90
#3502: TRIMMED_CURVE: Forcing parameter scale to radians,		start: 0 end: 90
#162: TRIMMED_CURVE: Forcing parameter scale to radians,		start: 0 end: 90
#3511: TRIMMED_CURVE: Forcing parameter scale to radians,		start: 0 end: 90
#16112: CURVE_BOUNDED_SURFACE: reversing loop - forced.
#3493: TRIMMED_CURVE: Forcing parameter scale to radians,		start: 0 end: 90
#3511: TRIMMED_CURVE: Forcing parameter scale to radians,		start: 0 end: 90
#1860: TRIMMED_CURVE: Forcing parameter scale to radians,		start: 0 end: 90
#3588: TRIMMED_CURVE: Forcing parameter scale to radians,		start: 0 end: 90
#3588: TRIMMED_CURVE: Forcing parameter scale to radians,		start: 0 end: 90
#3597: TRIMMED_CURVE: Forcing parameter scale to radians,		start: 0 end: 75
#3606: TRIMMED_CURVE: Forcing parameter scale to radians,		start: 0 end: 90
#16421: CURVE_BOUNDED_SURFACE: reversing loop - forced.
#3606: TRIMMED_CURVE: Forcing parameter scale to radians,		start: 0 end: 90
#3631: TRIMMED_CURVE: Forcing parameter scale to radians,		start: 0 end: 90
#3631: TRIMMED_CURVE: Forcing parameter scale to radians,		start: 0 end: 90
#3640: TRIMMED_CURVE: Forcing parameter scale to radians,		start: 0 end: 90
#3649: TRIMMED_CURVE: Forcing parameter scale to radians,		start: 0 end: 90
#16520: CURVE_BOUNDED_SURFACE: reversing loop - forced.
#3658: TRIMMED_CURVE: Forcing parameter scale to radians,		start: 0 end: 90
#3667: TRIMMED_CURVE: Forcing parameter scale to radians,		start: 0 end: 90
#3676: TRIMMED_CURVE: Forcing parameter scale to radians,		start: 0 end: 90
#16552: CURVE_BOUNDED_SURFACE: reversing loop - forced.
#3701: TRIMMED_CURVE: Forcing parameter scale to radians,		start: 0 end: 90
#3667: TRIMMED_CURVE: Forcing parameter scale to radians,		start: 0 end: 90
#3701: TRIMMED_CURVE: Forcing parameter scale to radians,		start: 0 end: 90
#3710: TRIMMED_CURVE: Forcing parameter scale to radians,		start: 0 end: 75
#3719: TRIMMED_CURVE: Forcing parameter scale to radians,		start: 0 end: 90
#16658: CURVE_BOUNDED_SURFACE: reversing loop - forced.
#3710: TRIMMED_CURVE: Forcing parameter scale to radians,		start: 0 end: 75
#6239: TRIMMED_CURVE: Forcing parameter scale to radians,		start: 0 end: 63.4349
#3842: TRIMMED_CURVE: Forcing parameter scale to radians,		start: 0 end: 45
#3817: TRIMMED_CURVE: Forcing parameter scale to radians,		start: 0 end: 60
#3842: TRIMMED_CURVE: Forcing parameter scale to radians,		start: 0 end: 45
#3883: TRIMMED_CURVE: Forcing parameter scale to radians,		start: 0 end: 14.427
#5805: TRIMMED_CURVE: Forcing parameter scale to radians,		start: 0 end: 53.1553
#5780: TRIMMED_CURVE: Forcing parameter scale to radians,		start: 0 end: 53.1553
#5763: TRIMMED_CURVE: Forcing parameter scale to radians,		start: 0 end: 53.1553
#5822: TRIMMED_CURVE: Forcing parameter scale to radians,		start: 0 end: 53.1553
#4008: TRIMMED_CURVE: Forcing parameter scale to radians,		start: 0 end: 14.427
#4041: TRIMMED_CURVE: Forcing parameter scale to radians,		start: 0 end: 14.427
#5970: TRIMMED_CURVE: Forcing parameter scale to radians,		start: 0 end: 53.1553
#5919: TRIMMED_CURVE: Forcing parameter scale to radians,		start: 0 end: 53.1553
#5928: TRIMMED_CURVE: Forcing parameter scale to radians,		start: 0 end: 53.1553
#5953: TRIMMED_CURVE: Forcing parameter scale to radians,		start: 0 end: 53.1553
#4198: TRIMMED_CURVE: Forcing parameter scale to radians,		start: 0 end: 14.427
#4239: TRIMMED_CURVE: Forcing parameter scale to radians,		start: 0 end: 14.427
#6125: TRIMMED_CURVE: Forcing parameter scale to radians,		start: 0 end: 53.1553
#6091: TRIMMED_CURVE: Forcing parameter scale to radians,		start: 0 end: 53.1553
#6100: TRIMMED_CURVE: Forcing parameter scale to radians,		start: 0 end: 53.1553
#6142: TRIMMED_CURVE: Forcing parameter scale to radians,		start: 0 end: 53.1553
#4364: TRIMMED_CURVE: Forcing parameter scale to radians,		start: 0 end: 14.427
#4461: TRIMMED_CURVE: Forcing parameter scale to radians,		start: 0 end: 14.427
#4520: TRIMMED_CURVE: Forcing parameter scale to radians,		start: 0 end: 53.1553
#4562: TRIMMED_CURVE: Forcing parameter scale to radians,		start: 0 end: 53.1553
#4520: TRIMMED_CURVE: Forcing parameter scale to radians,		start: 0 end: 53.1553
#4537: TRIMMED_CURVE: Forcing parameter scale to radians,		start: 0 end: 53.1553
#4562: TRIMMED_CURVE: Forcing parameter scale to radians,		start: 0 end: 53.1553
#4579: TRIMMED_CURVE: Forcing parameter scale to radians,		start: 0 end: 53.1553
#4662: TRIMMED_CURVE: Forcing parameter scale to radians,		start: 0 end: 63.4349
#4662: TRIMMED_CURVE: Forcing parameter scale to radians,		start: 0 end: 63.4349
#4671: TRIMMED_CURVE: Forcing parameter scale to radians,		start: 0 end: 83.3533
#4671: TRIMMED_CURVE: Forcing parameter scale to radians,		start: 0 end: 83.3533
#2773: TRIMMED_CURVE: Forcing parameter scale to radians,		start: 0 end: 28.3576
#2654: TRIMMED_CURVE: Forcing parameter scale to radians,		start: 0 end: 28.3576
#4832: TRIMMED_CURVE: Forcing parameter scale to radians,		start: 0 end: 63.4349
#4823: TRIMMED_CURVE: Forcing parameter scale to radians,		start: 0 end: 83.3533
#4832: TRIMMED_CURVE: Forcing parameter scale to radians,		start: 0 end: 63.4349
#4823: TRIMMED_CURVE: Forcing parameter scale to radians,		start: 0 end: 83.3533
#4952: TRIMMED_CURVE: Forcing parameter scale to radians,		start: 0 end: 83.3533
#4943: TRIMMED_CURVE: Forcing parameter scale to radians,		start: 0 end: 63.4349
#4943: TRIMMED_CURVE: Forcing parameter scale to radians,		start: 0 end: 63.4349
#4952: TRIMMED_CURVE: Forcing parameter scale to radians,		start: 0 end: 83.3533
#2806: TRIMMED_CURVE: Forcing parameter scale to radians,		start: 0 end: 28.3576
#2925: TRIMMED_CURVE: Forcing parameter scale to radians,		start: 0 end: 28.3576
#5140: TRIMMED_CURVE: Forcing parameter scale to radians,		start: 0 end: 63.4349
#5131: TRIMMED_CURVE: Forcing parameter scale to radians,		start: 0 end: 83.3533
#5140: TRIMMED_CURVE: Forcing parameter scale to radians,		start: 0 end: 63.4349
#5131: TRIMMED_CURVE: Forcing parameter scale to radians,		start: 0 end: 83.3533
#5260: TRIMMED_CURVE: Forcing parameter scale to radians,		start: 0 end: 83.3533
#5251: TRIMMED_CURVE: Forcing parameter scale to radians,		start: 0 end: 63.4349
#5251: TRIMMED_CURVE: Forcing parameter scale to radians,		start: 0 end: 63.4349
#5260: TRIMMED_CURVE: Forcing parameter scale to radians,		start: 0 end: 83.3533
#3077: TRIMMED_CURVE: Forcing parameter scale to radians,		start: 0 end: 28.3576
#2958: TRIMMED_CURVE: Forcing parameter scale to radians,		start: 0 end: 28.3576
#5472: TRIMMED_CURVE: Forcing parameter scale to radians,		start: 0 end: 63.4349
#5463: TRIMMED_CURVE: Forcing parameter scale to radians,		start: 0 end: 83.3533
#5463: TRIMMED_CURVE: Forcing parameter scale to radians,		start: 0 end: 83.3533
#5472: TRIMMED_CURVE: Forcing parameter scale to radians,		start: 0 end: 63.4349
#5568: TRIMMED_CURVE: Forcing parameter scale to radians,		start: 0 end: 83.3533
#5559: TRIMMED_CURVE: Forcing parameter scale to radians,		start: 0 end: 63.4349
#5559: TRIMMED_CURVE: Forcing parameter scale to radians,		start: 0 end: 63.4349
#5568: TRIMMED_CURVE: Forcing parameter scale to radians,		start: 0 end: 83.3533
#5763: TRIMMED_CURVE: Forcing parameter scale to radians,		start: 0 end: 53.1553
#5780: TRIMMED_CURVE: Forcing parameter scale to radians,		start: 0 end: 53.1553
#5805: TRIMMED_CURVE: Forcing parameter scale to radians,		start: 0 end: 53.1553
#5822: TRIMMED_CURVE: Forcing parameter scale to radians,		start: 0 end: 53.1553
#5919: TRIMMED_CURVE: Forcing parameter scale to radians,		start: 0 end: 53.1553
#5928: TRIMMED_CURVE: Forcing parameter scale to radians,		start: 0 end: 53.1553
#5953: TRIMMED_CURVE: Forcing parameter scale to radians,		start: 0 end: 53.1553
#5970: TRIMMED_CURVE: Forcing parameter scale to radians,		start: 0 end: 53.1553
#6091: TRIMMED_CURVE: Forcing parameter scale to radians,		start: 0 end: 53.1553
#6100: TRIMMED_CURVE: Forcing parameter scale to radians,		start: 0 end: 53.1553
#6125: TRIMMED_CURVE: Forcing parameter scale to radians,		start: 0 end: 53.1553
#6142: TRIMMED_CURVE: Forcing parameter scale to radians,		start: 0 end: 53.1553
#6230: TRIMMED_CURVE: Forcing parameter scale to radians,		start: 0 end: 83.3533
#6230: TRIMMED_CURVE: Forcing parameter scale to radians,		start: 0 end: 83.3533
#6239: TRIMMED_CURVE: Forcing parameter scale to radians,		start: 0 end: 63.4349
#3719: TRIMMED_CURVE: Forcing parameter scale to radians,		start: 0 end: 90
Surfaces successfully processed into a solid body.
STEP-in completed.#62176: TRIMMED_CURVE: Forcing parameter scale to radians,		start: 0 end: 48.612
#62187: TRIMMED_CURVE: Forcing parameter scale to radians,		start: 0 end: 56.3099
#62208: TRIMMED_CURVE: Forcing parameter scale to radians,		start: 56.3099 end: 0
#62219: TRIMMED_CURVE: Forcing parameter scale to radians,		start: 56.3099 end: 0
#62240: TRIMMED_CURVE: Forcing parameter scale to radians,		start: 56.3099 end: 0
#62251: TRIMMED_CURVE: Forcing parameter scale to radians,		start: 56.3099 end: 0
#62272: TRIMMED_CURVE: Forcing parameter scale to radians,		start: 0 end: 56.3099
#62283: TRIMMED_CURVE: Forcing parameter scale to radians,		start: 0 end: 56.3099
XLTR: Circuit sanity failure
XLTR: Circuit sanity failure
Surfaces successfully processed into a solid body.
STEP-in completed.
Error: Unable to create solid from trimmed surfaces.
STEP-in did not complete successfully.
#60042: TRIMMED_CURVE: Forcing parameter scale to radians,		start: 46.6874 end: 0
#60053: TRIMMED_CURVE: Forcing parameter scale to radians,		start: 46.6874 end: 0
XLTR: Circuit sanity failure
Surfaces successfully processed into a solid body.
STEP-in completed.
Error: Unable to create solid from trimmed surfaces.
STEP-in did not complete successfully.
#61799: TRIMMED_CURVE: Forcing parameter scale to radians,		start: 60 end: 0
#61810: TRIMMED_CURVE: Forcing parameter scale to radians,		start: 60 end: 0
XLTR: Circuit sanity failure
Surfaces successfully processed into a solid body.
STEP-in completed.
Error: Unable to create solid from trimmed surfaces.
STEP-in did not complete successfully.
